D:\Stuff\Eclipse Java\TProg\Tomcat_Pato\bin/catalina.sh: line 433: /
.
.
Files/Oracle/Java/bin/java: No such file or directory
D:\Stuff\Eclipse Java\TProg\Tomcat_Pato\bin/catalina.sh: line 433: /
.
.
Files/Oracle/Java/bin/java: No such file or directory
11-Sep-2018 21:01:35.897 INFO [main] org.apache.catalina.startup.VersionLoggerListener.log Server version:        Apache Tomcat/8.5.4
11-Sep-2018 21:01:35.897 INFO [main] org.apache.catalina.startup.VersionLoggerListener.log Server built:          Jul 6 2016 08:43:30 UTC
11-Sep-2018 21:01:35.898 INFO [main] org.apache.catalina.startup.VersionLoggerListener.log Server number:         8.5.4.0
11-Sep-2018 21:01:35.898 INFO [main] org.apache.catalina.startup.VersionLoggerListener.log OS Name:               Windows 10
11-Sep-2018 21:01:35.898 INFO [main] org.apache.catalina.startup.VersionLoggerListener.log OS Version:            10.0
11-Sep-2018 21:01:35.898 INFO [main] org.apache.catalina.startup.VersionLoggerListener.log Architecture:          amd64
11-Sep-2018 21:01:35.898 INFO [main] org.apache.catalina.startup.VersionLoggerListener.log Java Home:             C:\Program Files\Java\jre1.8.0_181
11-Sep-2018 21:01:35.898 INFO [main] org.apache.catalina.startup.VersionLoggerListener.log JVM Version:           1.8.0_181-b13
11-Sep-2018 21:01:35.898 INFO [main] org.apache.catalina.startup.VersionLoggerListener.log JVM Vendor:            Oracle Corporation
11-Sep-2018 21:01:35.898 INFO [main] org.apache.catalina.startup.VersionLoggerListener.log CATALINA_BASE:         D:\Stuff\Eclipse Java\TProg\Tomcat_Pato
11-Sep-2018 21:01:35.898 INFO [main] org.apache.catalina.startup.VersionLoggerListener.log CATALINA_HOME:         D:\Stuff\Eclipse Java\TProg\Tomcat_Pato
11-Sep-2018 21:01:35.898 INFO [main] org.apache.catalina.startup.VersionLoggerListener.log Command line argument: -Djava.util.logging.config.file=D:/Stuff/Eclipse Java/TProg/Tomcat_Pato/conf/logging.properties
11-Sep-2018 21:01:35.898 INFO [main] org.apache.catalina.startup.VersionLoggerListener.log Command line argument: -Djava.util.logging.manager=org.apache.juli.ClassLoaderLogManager
11-Sep-2018 21:01:35.898 INFO [main] org.apache.catalina.startup.VersionLoggerListener.log Command line argument: -Djdk.tls.ephemeralDHKeySize=2048
11-Sep-2018 21:01:35.898 INFO [main] org.apache.catalina.startup.VersionLoggerListener.log Command line argument: -Dcatalina.base=D:/Stuff/Eclipse Java/TProg/Tomcat_Pato
11-Sep-2018 21:01:35.898 INFO [main] org.apache.catalina.startup.VersionLoggerListener.log Command line argument: -Dcatalina.home=D:/Stuff/Eclipse Java/TProg/Tomcat_Pato
11-Sep-2018 21:01:35.898 INFO [main] org.apache.catalina.startup.VersionLoggerListener.log Command line argument: -Djava.io.tmpdir=D:/Stuff/Eclipse Java/TProg/Tomcat_Pato/temp
11-Sep-2018 21:01:35.899 INFO [main] org.apache.catalina.core.AprLifecycleListener.lifecycleEvent The APR based Apache Tomcat Native library which allows optimal performance in production environments was not found on the java.library.path: C:\Program Files\Java\jre1.8.0_181\bin;C:\WINDOWS\Sun\Java\bin;C:\WINDOWS\system32;C:\WINDOWS;C:\Users\patos\bin;C:\Program Files\Git\mingw64\bin;C:\Program Files\Git\usr\local\bin;C:\Program Files\Git\usr\bin;C:\Program Files\Git\usr\bin;C:\Program Files\Git\mingw64\bin;C:\Program Files\Git\usr\bin;C:\Users\patos\bin;C:\Program Files (x86)\Common Files\Oracle\Java\javapath;C:\ProgramData\Oracle\Java\javapath;C:\Windows\system32;C:\Windows;C:\Windows\System32\Wbem;C:\Windows\System32\WindowsPowerShell\v1.0;E:\Program\Mingw\bin;C:\Program Files\Git\cmd;C:\WINDOWS\system32;C:\WINDOWS;C:\WINDOWS\System32\Wbem;C:\WINDOWS\System32\WindowsPowerShell\v1.0;C:\WINDOWS\System32\OpenSSH;C:\Program Files (x86)\GnuWin32\bin\make.exe;C:\Program Files (x86)\GnuWin32\bin;C:\Program Files\nodejs;C:\Program Files (x86)\NVIDIA Corporation\PhysX\Common;D:\Stuff\Eclipse Java\TProg\Tomcat\bin;C:\Program Files (x86)\Common Files\Oracle\Java\javapath;C:\ProgramData\Oracle\Java\javapath;C:\Windows\system32;C:\Windows;C:\Windows\System32\Wbem;C:\Windows\System32\WindowsPowerShell\v1.0;C:\Program Files (x86)\NVIDIA Corporation\PhysX\Common;E:\Program\Mingw\bin;C:\Program Files\Git\cmd;C:\WINDOWS\system32;C:\WINDOWS;C:\WINDOWS\System32\Wbem;C:\WINDOWS\System32\WindowsPowerShell\v1.0;C:\WINDOWS\System32\OpenSSH;C:\Program Files (x86)\GnuWin32\bin\make.exe;C:\Program Files (x86)\GnuWin32\bin;C:\Program Files\nodejs;C:\Users\patos\AppData\Local\Programs\Python\Python36\Scripts;C:\Users\patos\AppData\Local\Programs\Python\Python36;C:\Users\patos\AppData\Local\Microsoft\WindowsApps;C:\Users\patos\AppData\Local\GitHubDesktop\bin;E:\Program\FAHClient;C:\Users\patos\AppData\Local\Microsoft\WindowsApps;C:\Program Files (x86)\GnuWin32\bin\make.exe;C:\Program Files (x86)\GnuWin32\bin;C:\Users\patos\AppData\Roaming\npm;C:\Users\patos\adb;C:\Users\patos\AppData\Local\atom\bin;C:\Program Files\Git\usr\bin\vendor_perl;C:\Program Files\Git\usr\bin\core_perl;.
11-Sep-2018 21:01:36.054 INFO [main] org.apache.coyote.AbstractProtocol.init Initializing ProtocolHandler ["http-nio-10035"]
11-Sep-2018 21:01:36.654 INFO [main] org.apache.tomcat.util.net.NioSelectorPool.getSharedSelector Using a shared selector for servlet write/read
11-Sep-2018 21:01:36.746 INFO [main] org.apache.coyote.AbstractProtocol.init Initializing ProtocolHandler ["ajp-nio-8009"]
11-Sep-2018 21:01:36.747 INFO [main] org.apache.tomcat.util.net.NioSelectorPool.getSharedSelector Using a shared selector for servlet write/read
11-Sep-2018 21:01:36.747 INFO [main] org.apache.catalina.startup.Catalina.load Initialization processed in 2978 ms
11-Sep-2018 21:01:36.955 INFO [main] org.apache.catalina.core.StandardService.startInternal Starting service Catalina
11-Sep-2018 21:01:36.955 INFO [main] org.apache.catalina.core.StandardEngine.startInternal Starting Servlet Engine: Apache Tomcat/8.5.4
11-Sep-2018 21:01:36.964 INFO [localhost-startStop-1] org.apache.catalina.startup.HostConfig.deployDirectory Deploying web application directory D:\Stuff\Eclipse Java\TProg\Tomcat_Pato\webapps\docs
11-Sep-2018 21:01:39.053 INFO [localhost-startStop-1] org.apache.catalina.startup.HostConfig.deployDirectory Deployment of web application directory D:\Stuff\Eclipse Java\TProg\Tomcat_Pato\webapps\docs has finished in 2,088 ms
11-Sep-2018 21:01:39.054 INFO [localhost-startStop-1] org.apache.catalina.startup.HostConfig.deployDirectory Deploying web application directory D:\Stuff\Eclipse Java\TProg\Tomcat_Pato\webapps\examples
11-Sep-2018 21:01:40.972 INFO [localhost-startStop-1] org.apache.catalina.startup.HostConfig.deployDirectory Deployment of web application directory D:\Stuff\Eclipse Java\TProg\Tomcat_Pato\webapps\examples has finished in 1,918 ms
11-Sep-2018 21:01:40.972 INFO [localhost-startStop-1] org.apache.catalina.startup.HostConfig.deployDirectory Deploying web application directory D:\Stuff\Eclipse Java\TProg\Tomcat_Pato\webapps\host-manager
11-Sep-2018 21:01:41.029 INFO [localhost-startStop-1] org.apache.catalina.startup.HostConfig.deployDirectory Deployment of web application directory D:\Stuff\Eclipse Java\TProg\Tomcat_Pato\webapps\host-manager has finished in 57 ms
11-Sep-2018 21:01:41.029 INFO [localhost-startStop-1] org.apache.catalina.startup.HostConfig.deployDirectory Deploying web application directory D:\Stuff\Eclipse Java\TProg\Tomcat_Pato\webapps\manager
11-Sep-2018 21:01:41.067 INFO [localhost-startStop-1] org.apache.catalina.startup.HostConfig.deployDirectory Deployment of web application directory D:\Stuff\Eclipse Java\TProg\Tomcat_Pato\webapps\manager has finished in 38 ms
11-Sep-2018 21:01:41.067 INFO [localhost-startStop-1] org.apache.catalina.startup.HostConfig.deployDirectory Deploying web application directory D:\Stuff\Eclipse Java\TProg\Tomcat_Pato\webapps\ROOT
11-Sep-2018 21:01:41.190 INFO [localhost-startStop-1] org.apache.catalina.startup.HostConfig.deployDirectory Deployment of web application directory D:\Stuff\Eclipse Java\TProg\Tomcat_Pato\webapps\ROOT has finished in 123 ms
11-Sep-2018 21:01:41.194 INFO [main] org.apache.coyote.AbstractProtocol.start Starting ProtocolHandler [http-nio-10035]
11-Sep-2018 21:01:41.199 INFO [main] org.apache.coyote.AbstractProtocol.start Starting ProtocolHandler [ajp-nio-8009]
11-Sep-2018 21:01:41.201 INFO [main] org.apache.catalina.startup.Catalina.start Server startup in 4453 ms
11-Sep-2018 22:17:30.797 WARNING [main] org.apache.catalina.startup.SetAllPropertiesRule.begin [SetAllPropertiesRule]{Server/Service/Connector} Setting property 'adress' to '167.57.104.248' did not find a matching property.
11-Sep-2018 22:17:31.029 INFO [main] org.apache.catalina.startup.VersionLoggerListener.log Server version:        Apache Tomcat/8.5.4
11-Sep-2018 22:17:31.029 INFO [main] org.apache.catalina.startup.VersionLoggerListener.log Server built:          Jul 6 2016 08:43:30 UTC
11-Sep-2018 22:17:31.030 INFO [main] org.apache.catalina.startup.VersionLoggerListener.log Server number:         8.5.4.0
11-Sep-2018 22:17:31.030 INFO [main] org.apache.catalina.startup.VersionLoggerListener.log OS Name:               Windows 10
11-Sep-2018 22:17:31.030 INFO [main] org.apache.catalina.startup.VersionLoggerListener.log OS Version:            10.0
11-Sep-2018 22:17:31.030 INFO [main] org.apache.catalina.startup.VersionLoggerListener.log Architecture:          amd64
11-Sep-2018 22:17:31.030 INFO [main] org.apache.catalina.startup.VersionLoggerListener.log Java Home:             C:\Program Files\Java\jre1.8.0_181
11-Sep-2018 22:17:31.030 INFO [main] org.apache.catalina.startup.VersionLoggerListener.log JVM Version:           1.8.0_181-b13
11-Sep-2018 22:17:31.031 INFO [main] org.apache.catalina.startup.VersionLoggerListener.log JVM Vendor:            Oracle Corporation
11-Sep-2018 22:17:31.031 INFO [main] org.apache.catalina.startup.VersionLoggerListener.log CATALINA_BASE:         D:\Stuff\Eclipse Java\TProg\Tomcat_Pato
11-Sep-2018 22:17:31.031 INFO [main] org.apache.catalina.startup.VersionLoggerListener.log CATALINA_HOME:         D:\Stuff\Eclipse Java\TProg\Tomcat_Pato
11-Sep-2018 22:17:31.031 INFO [main] org.apache.catalina.startup.VersionLoggerListener.log Command line argument: -Djava.util.logging.config.file=D:/Stuff/Eclipse Java/TProg/Tomcat_Pato/conf/logging.properties
11-Sep-2018 22:17:31.032 INFO [main] org.apache.catalina.startup.VersionLoggerListener.log Command line argument: -Djava.util.logging.manager=org.apache.juli.ClassLoaderLogManager
11-Sep-2018 22:17:31.032 INFO [main] org.apache.catalina.startup.VersionLoggerListener.log Command line argument: -Djdk.tls.ephemeralDHKeySize=2048
11-Sep-2018 22:17:31.032 INFO [main] org.apache.catalina.startup.VersionLoggerListener.log Command line argument: -Dcatalina.base=D:/Stuff/Eclipse Java/TProg/Tomcat_Pato
11-Sep-2018 22:17:31.032 INFO [main] org.apache.catalina.startup.VersionLoggerListener.log Command line argument: -Dcatalina.home=D:/Stuff/Eclipse Java/TProg/Tomcat_Pato
11-Sep-2018 22:17:31.032 INFO [main] org.apache.catalina.startup.VersionLoggerListener.log Command line argument: -Djava.io.tmpdir=D:/Stuff/Eclipse Java/TProg/Tomcat_Pato/temp
11-Sep-2018 22:17:31.038 INFO [main] org.apache.catalina.core.AprLifecycleListener.lifecycleEvent The APR based Apache Tomcat Native library which allows optimal performance in production environments was not found on the java.library.path: C:\Program Files\Java\jre1.8.0_181\bin;C:\WINDOWS\Sun\Java\bin;C:\WINDOWS\system32;C:\WINDOWS;C:\Users\patos\bin;C:\Program Files\Git\mingw64\bin;C:\Program Files\Git\usr\local\bin;C:\Program Files\Git\usr\bin;C:\Program Files\Git\usr\bin;C:\Program Files\Git\mingw64\bin;C:\Program Files\Git\usr\bin;C:\Users\patos\bin;C:\Program Files (x86)\Common Files\Oracle\Java\javapath;C:\ProgramData\Oracle\Java\javapath;C:\Windows\system32;C:\Windows;C:\Windows\System32\Wbem;C:\Windows\System32\WindowsPowerShell\v1.0;E:\Program\Mingw\bin;C:\Program Files\Git\cmd;C:\WINDOWS\system32;C:\WINDOWS;C:\WINDOWS\System32\Wbem;C:\WINDOWS\System32\WindowsPowerShell\v1.0;C:\WINDOWS\System32\OpenSSH;C:\Program Files (x86)\GnuWin32\bin\make.exe;C:\Program Files (x86)\GnuWin32\bin;C:\Program Files\nodejs;C:\Program Files (x86)\NVIDIA Corporation\PhysX\Common;D:\Stuff\Eclipse Java\TProg\Tomcat\bin;C:\Program Files (x86)\Common Files\Oracle\Java\javapath;C:\ProgramData\Oracle\Java\javapath;C:\Windows\system32;C:\Windows;C:\Windows\System32\Wbem;C:\Windows\System32\WindowsPowerShell\v1.0;C:\Program Files (x86)\NVIDIA Corporation\PhysX\Common;E:\Program\Mingw\bin;C:\Program Files\Git\cmd;C:\WINDOWS\system32;C:\WINDOWS;C:\WINDOWS\System32\Wbem;C:\WINDOWS\System32\WindowsPowerShell\v1.0;C:\WINDOWS\System32\OpenSSH;C:\Program Files (x86)\GnuWin32\bin\make.exe;C:\Program Files (x86)\GnuWin32\bin;C:\Program Files\nodejs;C:\Users\patos\AppData\Local\Programs\Python\Python36\Scripts;C:\Users\patos\AppData\Local\Programs\Python\Python36;C:\Users\patos\AppData\Local\Microsoft\WindowsApps;C:\Users\patos\AppData\Local\GitHubDesktop\bin;E:\Program\FAHClient;C:\Users\patos\AppData\Local\Microsoft\WindowsApps;C:\Program Files (x86)\GnuWin32\bin\make.exe;C:\Program Files (x86)\GnuWin32\bin;C:\Users\patos\AppData\Roaming\npm;C:\Users\patos\adb;C:\Users\patos\AppData\Local\atom\bin;C:\Program Files\Git\usr\bin\vendor_perl;C:\Program Files\Git\usr\bin\core_perl;.
11-Sep-2018 22:17:31.400 INFO [main] org.apache.coyote.AbstractProtocol.init Initializing ProtocolHandler ["http-nio-10035"]
11-Sep-2018 22:17:31.955 INFO [main] org.apache.tomcat.util.net.NioSelectorPool.getSharedSelector Using a shared selector for servlet write/read
11-Sep-2018 22:17:31.956 INFO [main] org.apache.coyote.AbstractProtocol.init Initializing ProtocolHandler ["ajp-nio-8009"]
11-Sep-2018 22:17:31.958 INFO [main] org.apache.tomcat.util.net.NioSelectorPool.getSharedSelector Using a shared selector for servlet write/read
11-Sep-2018 22:17:31.958 INFO [main] org.apache.catalina.startup.Catalina.load Initialization processed in 3087 ms
11-Sep-2018 22:17:32.215 INFO [main] org.apache.catalina.core.StandardService.startInternal Starting service Catalina
11-Sep-2018 22:17:32.215 INFO [main] org.apache.catalina.core.StandardEngine.startInternal Starting Servlet Engine: Apache Tomcat/8.5.4
11-Sep-2018 22:17:32.222 INFO [localhost-startStop-1] org.apache.catalina.startup.HostConfig.deployDirectory Deploying web application directory D:\Stuff\Eclipse Java\TProg\Tomcat_Pato\webapps\docs
11-Sep-2018 22:17:34.353 INFO [localhost-startStop-1] org.apache.catalina.startup.HostConfig.deployDirectory Deployment of web application directory D:\Stuff\Eclipse Java\TProg\Tomcat_Pato\webapps\docs has finished in 2,131 ms
11-Sep-2018 22:17:34.354 INFO [localhost-startStop-1] org.apache.catalina.startup.HostConfig.deployDirectory Deploying web application directory D:\Stuff\Eclipse Java\TProg\Tomcat_Pato\webapps\examples
11-Sep-2018 22:17:36.697 INFO [localhost-startStop-1] org.apache.catalina.startup.HostConfig.deployDirectory Deployment of web application directory D:\Stuff\Eclipse Java\TProg\Tomcat_Pato\webapps\examples has finished in 2,344 ms
11-Sep-2018 22:17:36.697 INFO [localhost-startStop-1] org.apache.catalina.startup.HostConfig.deployDirectory Deploying web application directory D:\Stuff\Eclipse Java\TProg\Tomcat_Pato\webapps\host-manager
11-Sep-2018 22:17:37.406 INFO [localhost-startStop-1] org.apache.catalina.startup.HostConfig.deployDirectory Deployment of web application directory D:\Stuff\Eclipse Java\TProg\Tomcat_Pato\webapps\host-manager has finished in 709 ms
11-Sep-2018 22:17:37.406 INFO [localhost-startStop-1] org.apache.catalina.startup.HostConfig.deployDirectory Deploying web application directory D:\Stuff\Eclipse Java\TProg\Tomcat_Pato\webapps\manager
11-Sep-2018 22:17:37.441 INFO [localhost-startStop-1] org.apache.catalina.startup.HostConfig.deployDirectory Deployment of web application directory D:\Stuff\Eclipse Java\TProg\Tomcat_Pato\webapps\manager has finished in 35 ms
11-Sep-2018 22:17:37.442 INFO [localhost-startStop-1] org.apache.catalina.startup.HostConfig.deployDirectory Deploying web application directory D:\Stuff\Eclipse Java\TProg\Tomcat_Pato\webapps\ROOT
11-Sep-2018 22:17:37.521 INFO [localhost-startStop-1] org.apache.catalina.startup.HostConfig.deployDirectory Deployment of web application directory D:\Stuff\Eclipse Java\TProg\Tomcat_Pato\webapps\ROOT has finished in 78 ms
11-Sep-2018 22:17:37.523 INFO [main] org.apache.coyote.AbstractProtocol.start Starting ProtocolHandler [http-nio-10035]
11-Sep-2018 22:17:37.528 INFO [main] org.apache.coyote.AbstractProtocol.start Starting ProtocolHandler [ajp-nio-8009]
11-Sep-2018 22:17:37.529 INFO [main] org.apache.catalina.startup.Catalina.start Server startup in 5571 ms
11-Sep-2018 22:18:59.893 WARNING [main] org.apache.catalina.startup.SetAllPropertiesRule.begin [SetAllPropertiesRule]{Server/Service/Connector} Setting property 'adress' to '167.57.104.248' did not find a matching property.
11-Sep-2018 22:18:59.943 INFO [main] org.apache.catalina.startup.VersionLoggerListener.log Server version:        Apache Tomcat/8.5.4
11-Sep-2018 22:18:59.944 INFO [main] org.apache.catalina.startup.VersionLoggerListener.log Server built:          Jul 6 2016 08:43:30 UTC
11-Sep-2018 22:18:59.944 INFO [main] org.apache.catalina.startup.VersionLoggerListener.log Server number:         8.5.4.0
11-Sep-2018 22:18:59.944 INFO [main] org.apache.catalina.startup.VersionLoggerListener.log OS Name:               Windows 10
11-Sep-2018 22:18:59.944 INFO [main] org.apache.catalina.startup.VersionLoggerListener.log OS Version:            10.0
11-Sep-2018 22:18:59.944 INFO [main] org.apache.catalina.startup.VersionLoggerListener.log Architecture:          amd64
11-Sep-2018 22:18:59.944 INFO [main] org.apache.catalina.startup.VersionLoggerListener.log Java Home:             C:\Program Files\Java\jre1.8.0_181
11-Sep-2018 22:18:59.944 INFO [main] org.apache.catalina.startup.VersionLoggerListener.log JVM Version:           1.8.0_181-b13
11-Sep-2018 22:18:59.944 INFO [main] org.apache.catalina.startup.VersionLoggerListener.log JVM Vendor:            Oracle Corporation
11-Sep-2018 22:18:59.944 INFO [main] org.apache.catalina.startup.VersionLoggerListener.log CATALINA_BASE:         D:\Stuff\Eclipse Java\TProg\Tomcat_Pato
11-Sep-2018 22:18:59.944 INFO [main] org.apache.catalina.startup.VersionLoggerListener.log CATALINA_HOME:         D:\Stuff\Eclipse Java\TProg\Tomcat_Pato
11-Sep-2018 22:18:59.945 INFO [main] org.apache.catalina.startup.VersionLoggerListener.log Command line argument: -Djava.util.logging.config.file=D:/Stuff/Eclipse Java/TProg/Tomcat_Pato/conf/logging.properties
11-Sep-2018 22:18:59.945 INFO [main] org.apache.catalina.startup.VersionLoggerListener.log Command line argument: -Djava.util.logging.manager=org.apache.juli.ClassLoaderLogManager
11-Sep-2018 22:18:59.945 INFO [main] org.apache.catalina.startup.VersionLoggerListener.log Command line argument: -Djdk.tls.ephemeralDHKeySize=2048
11-Sep-2018 22:18:59.945 INFO [main] org.apache.catalina.startup.VersionLoggerListener.log Command line argument: -Dcatalina.base=D:/Stuff/Eclipse Java/TProg/Tomcat_Pato
11-Sep-2018 22:18:59.945 INFO [main] org.apache.catalina.startup.VersionLoggerListener.log Command line argument: -Dcatalina.home=D:/Stuff/Eclipse Java/TProg/Tomcat_Pato
11-Sep-2018 22:18:59.945 INFO [main] org.apache.catalina.startup.VersionLoggerListener.log Command line argument: -Djava.io.tmpdir=D:/Stuff/Eclipse Java/TProg/Tomcat_Pato/temp
11-Sep-2018 22:18:59.945 INFO [main] org.apache.catalina.core.AprLifecycleListener.lifecycleEvent The APR based Apache Tomcat Native library which allows optimal performance in production environments was not found on the java.library.path: C:\Program Files\Java\jre1.8.0_181\bin;C:\WINDOWS\Sun\Java\bin;C:\WINDOWS\system32;C:\WINDOWS;C:\Users\patos\bin;C:\Program Files\Git\mingw64\bin;C:\Program Files\Git\usr\local\bin;C:\Program Files\Git\usr\bin;C:\Program Files\Git\usr\bin;C:\Program Files\Git\mingw64\bin;C:\Program Files\Git\usr\bin;C:\Users\patos\bin;C:\Program Files (x86)\Common Files\Oracle\Java\javapath;C:\ProgramData\Oracle\Java\javapath;C:\Windows\system32;C:\Windows;C:\Windows\System32\Wbem;C:\Windows\System32\WindowsPowerShell\v1.0;E:\Program\Mingw\bin;C:\Program Files\Git\cmd;C:\WINDOWS\system32;C:\WINDOWS;C:\WINDOWS\System32\Wbem;C:\WINDOWS\System32\WindowsPowerShell\v1.0;C:\WINDOWS\System32\OpenSSH;C:\Program Files (x86)\GnuWin32\bin\make.exe;C:\Program Files (x86)\GnuWin32\bin;C:\Program Files\nodejs;C:\Program Files (x86)\NVIDIA Corporation\PhysX\Common;D:\Stuff\Eclipse Java\TProg\Tomcat\bin;C:\Program Files (x86)\Common Files\Oracle\Java\javapath;C:\ProgramData\Oracle\Java\javapath;C:\Windows\system32;C:\Windows;C:\Windows\System32\Wbem;C:\Windows\System32\WindowsPowerShell\v1.0;C:\Program Files (x86)\NVIDIA Corporation\PhysX\Common;E:\Program\Mingw\bin;C:\Program Files\Git\cmd;C:\WINDOWS\system32;C:\WINDOWS;C:\WINDOWS\System32\Wbem;C:\WINDOWS\System32\WindowsPowerShell\v1.0;C:\WINDOWS\System32\OpenSSH;C:\Program Files (x86)\GnuWin32\bin\make.exe;C:\Program Files (x86)\GnuWin32\bin;C:\Program Files\nodejs;C:\Users\patos\AppData\Local\Programs\Python\Python36\Scripts;C:\Users\patos\AppData\Local\Programs\Python\Python36;C:\Users\patos\AppData\Local\Microsoft\WindowsApps;C:\Users\patos\AppData\Local\GitHubDesktop\bin;E:\Program\FAHClient;C:\Users\patos\AppData\Local\Microsoft\WindowsApps;C:\Program Files (x86)\GnuWin32\bin\make.exe;C:\Program Files (x86)\GnuWin32\bin;C:\Users\patos\AppData\Roaming\npm;C:\Users\patos\adb;C:\Users\patos\AppData\Local\atom\bin;C:\Program Files\Git\usr\bin\vendor_perl;C:\Program Files\Git\usr\bin\core_perl;.
11-Sep-2018 22:19:00.069 INFO [main] org.apache.coyote.AbstractProtocol.init Initializing ProtocolHandler ["http-nio-10035"]
11-Sep-2018 22:19:00.169 INFO [main] org.apache.tomcat.util.net.NioSelectorPool.getSharedSelector Using a shared selector for servlet write/read
11-Sep-2018 22:19:00.171 INFO [main] org.apache.coyote.AbstractProtocol.init Initializing ProtocolHandler ["ajp-nio-8009"]
11-Sep-2018 22:19:00.172 INFO [main] org.apache.tomcat.util.net.NioSelectorPool.getSharedSelector Using a shared selector for servlet write/read
11-Sep-2018 22:19:00.172 INFO [main] org.apache.catalina.startup.Catalina.load Initialization processed in 542 ms
11-Sep-2018 22:19:00.187 INFO [main] org.apache.catalina.core.StandardService.startInternal Starting service Catalina
11-Sep-2018 22:19:00.187 INFO [main] org.apache.catalina.core.StandardEngine.startInternal Starting Servlet Engine: Apache Tomcat/8.5.4
11-Sep-2018 22:19:00.197 INFO [localhost-startStop-1] org.apache.catalina.startup.HostConfig.deployDirectory Deploying web application directory D:\Stuff\Eclipse Java\TProg\Tomcat_Pato\webapps\docs
11-Sep-2018 22:19:00.438 INFO [localhost-startStop-1] org.apache.catalina.startup.HostConfig.deployDirectory Deployment of web application directory D:\Stuff\Eclipse Java\TProg\Tomcat_Pato\webapps\docs has finished in 241 ms
11-Sep-2018 22:19:00.438 INFO [localhost-startStop-1] org.apache.catalina.startup.HostConfig.deployDirectory Deploying web application directory D:\Stuff\Eclipse Java\TProg\Tomcat_Pato\webapps\examples
11-Sep-2018 22:19:00.815 INFO [localhost-startStop-1] org.apache.catalina.startup.HostConfig.deployDirectory Deployment of web application directory D:\Stuff\Eclipse Java\TProg\Tomcat_Pato\webapps\examples has finished in 377 ms
11-Sep-2018 22:19:00.816 INFO [localhost-startStop-1] org.apache.catalina.startup.HostConfig.deployDirectory Deploying web application directory D:\Stuff\Eclipse Java\TProg\Tomcat_Pato\webapps\host-manager
11-Sep-2018 22:19:00.847 INFO [localhost-startStop-1] org.apache.catalina.startup.HostConfig.deployDirectory Deployment of web application directory D:\Stuff\Eclipse Java\TProg\Tomcat_Pato\webapps\host-manager has finished in 31 ms
11-Sep-2018 22:19:00.847 INFO [localhost-startStop-1] org.apache.catalina.startup.HostConfig.deployDirectory Deploying web application directory D:\Stuff\Eclipse Java\TProg\Tomcat_Pato\webapps\manager
11-Sep-2018 22:19:00.877 INFO [localhost-startStop-1] org.apache.catalina.startup.HostConfig.deployDirectory Deployment of web application directory D:\Stuff\Eclipse Java\TProg\Tomcat_Pato\webapps\manager has finished in 30 ms
11-Sep-2018 22:19:00.878 INFO [localhost-startStop-1] org.apache.catalina.startup.HostConfig.deployDirectory Deploying web application directory D:\Stuff\Eclipse Java\TProg\Tomcat_Pato\webapps\ROOT
11-Sep-2018 22:19:00.895 INFO [localhost-startStop-1] org.apache.catalina.startup.HostConfig.deployDirectory Deployment of web application directory D:\Stuff\Eclipse Java\TProg\Tomcat_Pato\webapps\ROOT has finished in 16 ms
11-Sep-2018 22:19:00.896 INFO [main] org.apache.coyote.AbstractProtocol.start Starting ProtocolHandler [http-nio-10035]
11-Sep-2018 22:19:00.906 INFO [main] org.apache.coyote.AbstractProtocol.start Starting ProtocolHandler [ajp-nio-8009]
11-Sep-2018 22:19:00.907 INFO [main] org.apache.catalina.startup.Catalina.start Server startup in 734 ms
11-Sep-2018 22:20:18.873 INFO [main] org.apache.catalina.startup.VersionLoggerListener.log Server version:        Apache Tomcat/8.5.4
11-Sep-2018 22:20:18.874 INFO [main] org.apache.catalina.startup.VersionLoggerListener.log Server built:          Jul 6 2016 08:43:30 UTC
11-Sep-2018 22:20:18.874 INFO [main] org.apache.catalina.startup.VersionLoggerListener.log Server number:         8.5.4.0
11-Sep-2018 22:20:18.874 INFO [main] org.apache.catalina.startup.VersionLoggerListener.log OS Name:               Windows 10
11-Sep-2018 22:20:18.874 INFO [main] org.apache.catalina.startup.VersionLoggerListener.log OS Version:            10.0
11-Sep-2018 22:20:18.874 INFO [main] org.apache.catalina.startup.VersionLoggerListener.log Architecture:          amd64
11-Sep-2018 22:20:18.874 INFO [main] org.apache.catalina.startup.VersionLoggerListener.log Java Home:             C:\Program Files\Java\jre1.8.0_181
11-Sep-2018 22:20:18.874 INFO [main] org.apache.catalina.startup.VersionLoggerListener.log JVM Version:           1.8.0_181-b13
11-Sep-2018 22:20:18.874 INFO [main] org.apache.catalina.startup.VersionLoggerListener.log JVM Vendor:            Oracle Corporation
11-Sep-2018 22:20:18.874 INFO [main] org.apache.catalina.startup.VersionLoggerListener.log CATALINA_BASE:         D:\Stuff\Eclipse Java\TProg\Tomcat_Pato
11-Sep-2018 22:20:18.874 INFO [main] org.apache.catalina.startup.VersionLoggerListener.log CATALINA_HOME:         D:\Stuff\Eclipse Java\TProg\Tomcat_Pato
11-Sep-2018 22:20:18.874 INFO [main] org.apache.catalina.startup.VersionLoggerListener.log Command line argument: -Djava.util.logging.config.file=D:/Stuff/Eclipse Java/TProg/Tomcat_Pato/conf/logging.properties
11-Sep-2018 22:20:18.875 INFO [main] org.apache.catalina.startup.VersionLoggerListener.log Command line argument: -Djava.util.logging.manager=org.apache.juli.ClassLoaderLogManager
11-Sep-2018 22:20:18.875 INFO [main] org.apache.catalina.startup.VersionLoggerListener.log Command line argument: -Djdk.tls.ephemeralDHKeySize=2048
11-Sep-2018 22:20:18.875 INFO [main] org.apache.catalina.startup.VersionLoggerListener.log Command line argument: -Dcatalina.base=D:/Stuff/Eclipse Java/TProg/Tomcat_Pato
11-Sep-2018 22:20:18.875 INFO [main] org.apache.catalina.startup.VersionLoggerListener.log Command line argument: -Dcatalina.home=D:/Stuff/Eclipse Java/TProg/Tomcat_Pato
11-Sep-2018 22:20:18.875 INFO [main] org.apache.catalina.startup.VersionLoggerListener.log Command line argument: -Djava.io.tmpdir=D:/Stuff/Eclipse Java/TProg/Tomcat_Pato/temp
11-Sep-2018 22:20:18.875 INFO [main] org.apache.catalina.core.AprLifecycleListener.lifecycleEvent The APR based Apache Tomcat Native library which allows optimal performance in production environments was not found on the java.library.path: C:\Program Files\Java\jre1.8.0_181\bin;C:\WINDOWS\Sun\Java\bin;C:\WINDOWS\system32;C:\WINDOWS;C:\Users\patos\bin;C:\Program Files\Git\mingw64\bin;C:\Program Files\Git\usr\local\bin;C:\Program Files\Git\usr\bin;C:\Program Files\Git\usr\bin;C:\Program Files\Git\mingw64\bin;C:\Program Files\Git\usr\bin;C:\Users\patos\bin;C:\Program Files (x86)\Common Files\Oracle\Java\javapath;C:\ProgramData\Oracle\Java\javapath;C:\Windows\system32;C:\Windows;C:\Windows\System32\Wbem;C:\Windows\System32\WindowsPowerShell\v1.0;E:\Program\Mingw\bin;C:\Program Files\Git\cmd;C:\WINDOWS\system32;C:\WINDOWS;C:\WINDOWS\System32\Wbem;C:\WINDOWS\System32\WindowsPowerShell\v1.0;C:\WINDOWS\System32\OpenSSH;C:\Program Files (x86)\GnuWin32\bin\make.exe;C:\Program Files (x86)\GnuWin32\bin;C:\Program Files\nodejs;C:\Program Files (x86)\NVIDIA Corporation\PhysX\Common;D:\Stuff\Eclipse Java\TProg\Tomcat\bin;C:\Program Files (x86)\Common Files\Oracle\Java\javapath;C:\ProgramData\Oracle\Java\javapath;C:\Windows\system32;C:\Windows;C:\Windows\System32\Wbem;C:\Windows\System32\WindowsPowerShell\v1.0;C:\Program Files (x86)\NVIDIA Corporation\PhysX\Common;E:\Program\Mingw\bin;C:\Program Files\Git\cmd;C:\WINDOWS\system32;C:\WINDOWS;C:\WINDOWS\System32\Wbem;C:\WINDOWS\System32\WindowsPowerShell\v1.0;C:\WINDOWS\System32\OpenSSH;C:\Program Files (x86)\GnuWin32\bin\make.exe;C:\Program Files (x86)\GnuWin32\bin;C:\Program Files\nodejs;C:\Users\patos\AppData\Local\Programs\Python\Python36\Scripts;C:\Users\patos\AppData\Local\Programs\Python\Python36;C:\Users\patos\AppData\Local\Microsoft\WindowsApps;C:\Users\patos\AppData\Local\GitHubDesktop\bin;E:\Program\FAHClient;C:\Users\patos\AppData\Local\Microsoft\WindowsApps;C:\Program Files (x86)\GnuWin32\bin\make.exe;C:\Program Files (x86)\GnuWin32\bin;C:\Users\patos\AppData\Roaming\npm;C:\Users\patos\adb;C:\Users\patos\AppData\Local\atom\bin;C:\Program Files\Git\usr\bin\vendor_perl;C:\Program Files\Git\usr\bin\core_perl;.
11-Sep-2018 22:20:18.970 INFO [main] org.apache.coyote.AbstractProtocol.init Initializing ProtocolHandler ["http-nio-10035"]
11-Sep-2018 22:20:19.057 INFO [main] org.apache.tomcat.util.net.NioSelectorPool.getSharedSelector Using a shared selector for servlet write/read
11-Sep-2018 22:20:19.058 INFO [main] org.apache.coyote.AbstractProtocol.init Initializing ProtocolHandler ["ajp-nio-8009"]
11-Sep-2018 22:20:19.060 INFO [main] org.apache.tomcat.util.net.NioSelectorPool.getSharedSelector Using a shared selector for servlet write/read
11-Sep-2018 22:20:19.060 INFO [main] org.apache.catalina.startup.Catalina.load Initialization processed in 500 ms
11-Sep-2018 22:20:19.077 INFO [main] org.apache.catalina.core.StandardService.startInternal Starting service Catalina
11-Sep-2018 22:20:19.077 INFO [main] org.apache.catalina.core.StandardEngine.startInternal Starting Servlet Engine: Apache Tomcat/8.5.4
11-Sep-2018 22:20:19.091 INFO [167.57.104.248-startStop-1] org.apache.catalina.startup.HostConfig.deployDirectory Deploying web application directory D:\Stuff\Eclipse Java\TProg\Tomcat_Pato\webapps\docs
11-Sep-2018 22:20:19.474 INFO [167.57.104.248-startStop-1] org.apache.catalina.startup.HostConfig.deployDirectory Deployment of web application directory D:\Stuff\Eclipse Java\TProg\Tomcat_Pato\webapps\docs has finished in 382 ms
11-Sep-2018 22:20:19.474 INFO [167.57.104.248-startStop-1] org.apache.catalina.startup.HostConfig.deployDirectory Deploying web application directory D:\Stuff\Eclipse Java\TProg\Tomcat_Pato\webapps\examples
11-Sep-2018 22:20:19.985 INFO [167.57.104.248-startStop-1] org.apache.catalina.core.ApplicationContext.log ContextListener: contextInitialized()
11-Sep-2018 22:20:19.986 INFO [167.57.104.248-startStop-1] org.apache.catalina.core.ApplicationContext.log SessionListener: contextInitialized()
11-Sep-2018 22:20:20.088 INFO [167.57.104.248-startStop-1] org.apache.catalina.startup.HostConfig.deployDirectory Deployment of web application directory D:\Stuff\Eclipse Java\TProg\Tomcat_Pato\webapps\examples has finished in 614 ms
11-Sep-2018 22:20:20.088 INFO [167.57.104.248-startStop-1] org.apache.catalina.startup.HostConfig.deployDirectory Deploying web application directory D:\Stuff\Eclipse Java\TProg\Tomcat_Pato\webapps\host-manager
11-Sep-2018 22:20:20.137 INFO [167.57.104.248-startStop-1] org.apache.catalina.startup.HostConfig.deployDirectory Deployment of web application directory D:\Stuff\Eclipse Java\TProg\Tomcat_Pato\webapps\host-manager has finished in 49 ms
11-Sep-2018 22:20:20.137 INFO [167.57.104.248-startStop-1] org.apache.catalina.startup.HostConfig.deployDirectory Deploying web application directory D:\Stuff\Eclipse Java\TProg\Tomcat_Pato\webapps\manager
11-Sep-2018 22:20:20.178 INFO [167.57.104.248-startStop-1] org.apache.catalina.startup.HostConfig.deployDirectory Deployment of web application directory D:\Stuff\Eclipse Java\TProg\Tomcat_Pato\webapps\manager has finished in 41 ms
11-Sep-2018 22:20:20.178 INFO [167.57.104.248-startStop-1] org.apache.catalina.startup.HostConfig.deployDirectory Deploying web application directory D:\Stuff\Eclipse Java\TProg\Tomcat_Pato\webapps\ROOT
11-Sep-2018 22:20:20.223 INFO [167.57.104.248-startStop-1] org.apache.catalina.startup.HostConfig.deployDirectory Deployment of web application directory D:\Stuff\Eclipse Java\TProg\Tomcat_Pato\webapps\ROOT has finished in 45 ms
11-Sep-2018 22:20:20.224 WARNING [main] org.apache.catalina.mapper.MapperListener.findDefaultHost Unknown default host [localhost] for service [StandardService[Catalina]]
11-Sep-2018 22:20:20.225 INFO [main] org.apache.coyote.AbstractProtocol.start Starting ProtocolHandler [http-nio-10035]
11-Sep-2018 22:20:20.230 INFO [main] org.apache.coyote.AbstractProtocol.start Starting ProtocolHandler [ajp-nio-8009]
11-Sep-2018 22:20:20.236 INFO [main] org.apache.catalina.startup.Catalina.start Server startup in 1176 ms
11-Sep-2018 22:37:20.862 INFO [main] org.apache.catalina.startup.VersionLoggerListener.log Server version:        Apache Tomcat/8.5.4
11-Sep-2018 22:37:20.863 INFO [main] org.apache.catalina.startup.VersionLoggerListener.log Server built:          Jul 6 2016 08:43:30 UTC
11-Sep-2018 22:37:20.863 INFO [main] org.apache.catalina.startup.VersionLoggerListener.log Server number:         8.5.4.0
11-Sep-2018 22:37:20.863 INFO [main] org.apache.catalina.startup.VersionLoggerListener.log OS Name:               Windows 10
11-Sep-2018 22:37:20.863 INFO [main] org.apache.catalina.startup.VersionLoggerListener.log OS Version:            10.0
11-Sep-2018 22:37:20.863 INFO [main] org.apache.catalina.startup.VersionLoggerListener.log Architecture:          amd64
11-Sep-2018 22:37:20.863 INFO [main] org.apache.catalina.startup.VersionLoggerListener.log Java Home:             C:\Program Files\Java\jre1.8.0_181
11-Sep-2018 22:37:20.863 INFO [main] org.apache.catalina.startup.VersionLoggerListener.log JVM Version:           1.8.0_181-b13
11-Sep-2018 22:37:20.863 INFO [main] org.apache.catalina.startup.VersionLoggerListener.log JVM Vendor:            Oracle Corporation
11-Sep-2018 22:37:20.863 INFO [main] org.apache.catalina.startup.VersionLoggerListener.log CATALINA_BASE:         D:\Stuff\Eclipse Java\TProg\Tomcat_Pato
11-Sep-2018 22:37:20.863 INFO [main] org.apache.catalina.startup.VersionLoggerListener.log CATALINA_HOME:         D:\Stuff\Eclipse Java\TProg\Tomcat_Pato
11-Sep-2018 22:37:20.863 INFO [main] org.apache.catalina.startup.VersionLoggerListener.log Command line argument: -Djava.util.logging.config.file=D:/Stuff/Eclipse Java/TProg/Tomcat_Pato/conf/logging.properties
11-Sep-2018 22:37:20.863 INFO [main] org.apache.catalina.startup.VersionLoggerListener.log Command line argument: -Djava.util.logging.manager=org.apache.juli.ClassLoaderLogManager
11-Sep-2018 22:37:20.863 INFO [main] org.apache.catalina.startup.VersionLoggerListener.log Command line argument: -Djdk.tls.ephemeralDHKeySize=2048
11-Sep-2018 22:37:20.863 INFO [main] org.apache.catalina.startup.VersionLoggerListener.log Command line argument: -Dcatalina.base=D:/Stuff/Eclipse Java/TProg/Tomcat_Pato
11-Sep-2018 22:37:20.864 INFO [main] org.apache.catalina.startup.VersionLoggerListener.log Command line argument: -Dcatalina.home=D:/Stuff/Eclipse Java/TProg/Tomcat_Pato
11-Sep-2018 22:37:20.864 INFO [main] org.apache.catalina.startup.VersionLoggerListener.log Command line argument: -Djava.io.tmpdir=D:/Stuff/Eclipse Java/TProg/Tomcat_Pato/temp
11-Sep-2018 22:37:20.864 INFO [main] org.apache.catalina.core.AprLifecycleListener.lifecycleEvent The APR based Apache Tomcat Native library which allows optimal performance in production environments was not found on the java.library.path: C:\Program Files\Java\jre1.8.0_181\bin;C:\WINDOWS\Sun\Java\bin;C:\WINDOWS\system32;C:\WINDOWS;C:\Users\patos\bin;C:\Program Files\Git\mingw64\bin;C:\Program Files\Git\usr\local\bin;C:\Program Files\Git\usr\bin;C:\Program Files\Git\usr\bin;C:\Program Files\Git\mingw64\bin;C:\Program Files\Git\usr\bin;C:\Users\patos\bin;C:\Program Files (x86)\Common Files\Oracle\Java\javapath;C:\ProgramData\Oracle\Java\javapath;C:\Windows\system32;C:\Windows;C:\Windows\System32\Wbem;C:\Windows\System32\WindowsPowerShell\v1.0;E:\Program\Mingw\bin;C:\Program Files\Git\cmd;C:\WINDOWS\system32;C:\WINDOWS;C:\WINDOWS\System32\Wbem;C:\WINDOWS\System32\WindowsPowerShell\v1.0;C:\WINDOWS\System32\OpenSSH;C:\Program Files (x86)\GnuWin32\bin\make.exe;C:\Program Files (x86)\GnuWin32\bin;C:\Program Files\nodejs;C:\Program Files (x86)\NVIDIA Corporation\PhysX\Common;D:\Stuff\Eclipse Java\TProg\Tomcat\bin;C:\Program Files (x86)\Common Files\Oracle\Java\javapath;C:\ProgramData\Oracle\Java\javapath;C:\Windows\system32;C:\Windows;C:\Windows\System32\Wbem;C:\Windows\System32\WindowsPowerShell\v1.0;C:\Program Files (x86)\NVIDIA Corporation\PhysX\Common;E:\Program\Mingw\bin;C:\Program Files\Git\cmd;C:\WINDOWS\system32;C:\WINDOWS;C:\WINDOWS\System32\Wbem;C:\WINDOWS\System32\WindowsPowerShell\v1.0;C:\WINDOWS\System32\OpenSSH;C:\Program Files (x86)\GnuWin32\bin\make.exe;C:\Program Files (x86)\GnuWin32\bin;C:\Program Files\nodejs;C:\Users\patos\AppData\Local\Programs\Python\Python36\Scripts;C:\Users\patos\AppData\Local\Programs\Python\Python36;C:\Users\patos\AppData\Local\Microsoft\WindowsApps;C:\Users\patos\AppData\Local\GitHubDesktop\bin;E:\Program\FAHClient;C:\Users\patos\AppData\Local\Microsoft\WindowsApps;C:\Program Files (x86)\GnuWin32\bin\make.exe;C:\Program Files (x86)\GnuWin32\bin;C:\Users\patos\AppData\Roaming\npm;C:\Users\patos\adb;C:\Users\patos\AppData\Local\atom\bin;C:\Program Files\Git\usr\bin\vendor_perl;C:\Program Files\Git\usr\bin\core_perl;.
11-Sep-2018 22:37:20.965 INFO [main] org.apache.coyote.AbstractProtocol.init Initializing ProtocolHandler ["http-nio-10035"]
11-Sep-2018 22:37:21.070 INFO [main] org.apache.tomcat.util.net.NioSelectorPool.getSharedSelector Using a shared selector for servlet write/read
11-Sep-2018 22:37:21.072 INFO [main] org.apache.coyote.AbstractProtocol.init Initializing ProtocolHandler ["ajp-nio-8009"]
11-Sep-2018 22:37:21.073 INFO [main] org.apache.tomcat.util.net.NioSelectorPool.getSharedSelector Using a shared selector for servlet write/read
11-Sep-2018 22:37:21.074 INFO [main] org.apache.catalina.startup.Catalina.load Initialization processed in 640 ms
11-Sep-2018 22:37:21.095 INFO [main] org.apache.catalina.core.StandardService.startInternal Starting service Catalina
11-Sep-2018 22:37:21.095 INFO [main] org.apache.catalina.core.StandardEngine.startInternal Starting Servlet Engine: Apache Tomcat/8.5.4
11-Sep-2018 22:37:21.102 INFO [localhost-startStop-1] org.apache.catalina.startup.HostConfig.deployDirectory Deploying web application directory D:\Stuff\Eclipse Java\TProg\Tomcat_Pato\webapps\docs
11-Sep-2018 22:37:21.332 INFO [localhost-startStop-1] org.apache.catalina.startup.HostConfig.deployDirectory Deployment of web application directory D:\Stuff\Eclipse Java\TProg\Tomcat_Pato\webapps\docs has finished in 230 ms
11-Sep-2018 22:37:21.332 INFO [localhost-startStop-1] org.apache.catalina.startup.HostConfig.deployDirectory Deploying web application directory D:\Stuff\Eclipse Java\TProg\Tomcat_Pato\webapps\examples
11-Sep-2018 22:37:21.734 INFO [localhost-startStop-1] org.apache.catalina.startup.HostConfig.deployDirectory Deployment of web application directory D:\Stuff\Eclipse Java\TProg\Tomcat_Pato\webapps\examples has finished in 402 ms
11-Sep-2018 22:37:21.734 INFO [localhost-startStop-1] org.apache.catalina.startup.HostConfig.deployDirectory Deploying web application directory D:\Stuff\Eclipse Java\TProg\Tomcat_Pato\webapps\host-manager
11-Sep-2018 22:37:21.782 INFO [localhost-startStop-1] org.apache.catalina.startup.HostConfig.deployDirectory Deployment of web application directory D:\Stuff\Eclipse Java\TProg\Tomcat_Pato\webapps\host-manager has finished in 48 ms
11-Sep-2018 22:37:21.786 INFO [localhost-startStop-1] org.apache.catalina.startup.HostConfig.deployDirectory Deploying web application directory D:\Stuff\Eclipse Java\TProg\Tomcat_Pato\webapps\manager
11-Sep-2018 22:37:21.844 INFO [localhost-startStop-1] org.apache.catalina.startup.HostConfig.deployDirectory Deployment of web application directory D:\Stuff\Eclipse Java\TProg\Tomcat_Pato\webapps\manager has finished in 59 ms
11-Sep-2018 22:37:21.844 INFO [localhost-startStop-1] org.apache.catalina.startup.HostConfig.deployDirectory Deploying web application directory D:\Stuff\Eclipse Java\TProg\Tomcat_Pato\webapps\ROOT
11-Sep-2018 22:37:21.862 INFO [localhost-startStop-1] org.apache.catalina.startup.HostConfig.deployDirectory Deployment of web application directory D:\Stuff\Eclipse Java\TProg\Tomcat_Pato\webapps\ROOT has finished in 18 ms
11-Sep-2018 22:37:21.863 INFO [main] org.apache.coyote.AbstractProtocol.start Starting ProtocolHandler [http-nio-10035]
11-Sep-2018 22:37:21.870 INFO [main] org.apache.coyote.AbstractProtocol.start Starting ProtocolHandler [ajp-nio-8009]
11-Sep-2018 22:37:21.873 INFO [main] org.apache.catalina.startup.Catalina.start Server startup in 798 ms
